<?xml version="1.0" encoding="utf-8"?><testsuites name="pytest tests"><testsuite name="pytest" errors="0" failures="0" skipped="0" tests="5" time="28.715" timestamp="2026-06-22T15:30:40.550024+00:00" hostname="agent-env-ae5b3978-7f4f-4991-a7b6-6606ca0fe9c7"><testcase classname="backend.tests.test_qsvm_dicom" name="test_dicom_export_happy_path" time="8.451" /><testcase classname="backend.tests.test_qsvm_dicom" name="test_dicom_export_unknown_returns_404" time="0.109" /><testcase classname="backend.tests.test_qsvm_dicom" name="test_large_image_is_downscaled_in_thumbnail" time="7.563" /><testcase classname="backend.tests.test_qsvm_dicom" name="test_small_image_is_preserved_valid" time="6.491" /><testcase classname="backend.tests.test_qsvm_dicom" name="test_pdf_still_works_regression" time="5.857" /></testsuite></testsuites>