<?xml version="1.0" encoding="utf-8"?><testsuites name="pytest tests"><testsuite name="pytest" errors="0" failures="0" skipped="0" tests="10" time="18.047" timestamp="2026-06-22T15:20:10.518866+00:00" hostname="agent-env-ae5b3978-7f4f-4991-a7b6-6606ca0fe9c7"><testcase classname="backend.tests.test_qsvm_api" name="test_root" time="2.286" /><testcase classname="backend.tests.test_qsvm_api" name="test_metrics_shape" time="0.140" /><testcase classname="backend.tests.test_qsvm_api" name="test_predict_valid_image" time="7.970" /><testcase classname="backend.tests.test_qsvm_api" name="test_predict_rejects_non_image" time="0.136" /><testcase classname="backend.tests.test_qsvm_api" name="test_predict_rejects_empty" time="0.096" /><testcase classname="backend.tests.test_qsvm_api" name="test_history_contains_scan" time="0.143" /><testcase classname="backend.tests.test_qsvm_api" name="test_delete_history_item" time="0.583" /><testcase classname="backend.tests.test_qsvm_api" name="test_delete_unknown_returns_404" time="0.101" /><testcase classname="backend.tests.test_qsvm_api" name="test_report_pdf_unknown_returns_404" time="0.101" /><testcase classname="backend.tests.test_qsvm_api" name="test_report_pdf_low_confidence_variant" time="6.384" /></testsuite></testsuites>